<?xml version="1.0" encoding="UTF-8"?>
<!-- Generated by org.testng.reporters.JUnitReportReporter -->
<testsuite hostname="Newt-Pk024" name="Test.MainTest" tests="3" failures="0" timestamp="10 Jun 2016 09:07:33 GMT" time="1552.609" errors="0">
  <testcase name="compareTabletPrices" time="340.187" classname="Test.MainTest"/>
  <testcase name="compareTabletPrices" time="613.277" classname="Test.MainTest"/>
  <testcase name="compareTabletPrices" time="599.145" classname="Test.MainTest"/>
</testsuite> <!-- Test.MainTest -->
